<?xml version="1.0" encoding="UTF-8"?>
<!-- Generated by org.testng.reporters.JUnitReportReporter -->
<testsuite skipped="0" hostname="MuniPC" name="testCases.Tryout" tests="1" failures="0" timestamp="2022-07-08T12:24:31 PDT" time="2.926" errors="0">
  <testcase name="test_Account_Registration" time="2.926" classname="testCases.Tryout"/>
  <system-out/>
</testsuite> <!-- testCases.Tryout -->
