<?xml version="1.0" encoding="UTF-8"?>
<!-- Generated by org.testng.reporters.JUnitReportReporter -->
<testsuite skipped="0" hostname="MuniPC" name="testBase.Delthis" tests="1" failures="0" timestamp="2022-07-16T11:19:39 PDT" time="10.975" errors="0">
  <testcase name="test" time="10.975" classname="testBase.Delthis"/>
  <system-out/>
</testsuite> <!-- testBase.Delthis -->
