<?xml version="1.0" encoding="UTF-8"?>
<!-- Generated by org.testng.reporters.JUnitReportReporter -->
<testsuite skipped="0" hostname="MuniPC" name="jpt.Tryout" tests="1" failures="0" timestamp="2022-07-07T22:20:33 PDT" time="3.012" errors="0">
  <testcase name="test_Account_Registration" time="3.012" classname="jpt.Tryout"/>
  <system-out/>
</testsuite> <!-- jpt.Tryout -->
