<?xml version="1.0" encoding="UTF-8"?>
<!-- Generated by org.testng.reporters.JUnitReportReporter -->
<testsuite skipped="0" hostname="MuniPC" name="testCases.TC_002_Login" tests="1" failures="0" timestamp="2022-07-18T18:18:38 PDT" time="2.989" errors="0">
  <testcase name="test_Login" time="2.989" classname="testCases.TC_002_Login"/>
  <system-out/>
</testsuite> <!-- testCases.TC_002_Login -->
