<?xml version="1.0" encoding="UTF-8"?>
<!-- Generated by org.testng.reporters.JUnitReportReporter -->
<testsuite skipped="0" hostname="MuniPC" name="testCases.TC_001_AccountRegistration" tests="1" failures="0" timestamp="2022-07-20T17:48:51 PDT" time="3.909" errors="0">
  <testcase name="test_Account_Registration" time="3.909" classname="testCases.TC_001_AccountRegistration"/>
  <system-out/>
</testsuite> <!-- testCases.TC_001_AccountRegistration -->
